<?xml version="1.0" encoding="UTF-8"?>
<!-- Generated by org.testng.reporters.JUnitXMLReporter -->
<testsuite ignored="3" hostname="HANWKS0516" failures="1" tests="6" name="Test 1 + Car loan" time="0.045" errors="0" timestamp="2024-06-07T15:49:44 ICT">
  <testcase classname="testNG.testNG1" name="Demo2" time="0.004"/>
  <testcase classname="testNG.Step2" name="LoginAPICarLoan" time="0.001"/>
  <testcase classname="testNG.Step2" name="WebLoginCarLoan" time="0.003">
    <failure type="java.lang.AssertionError" message="expected [true] but found [false]">
      <![CDATA[java.lang.AssertionError: expected [true] but found [false]
at testNG.Step2.WebLoginCarLoan(Step2.java:21)
at java.base/java.util.ArrayList.forEach(ArrayList.java:1511)
... Removed 31 stack frames]]>
    </failure>
  </testcase> <!-- WebLoginCarLoan -->
  <testcase classname="testNG.Step2" name="WhatAppSignoutCarLoan" time="0.0"/>
  <testcase classname="testNG.Step2" name="WhatAppSignoutCarLoan" time="0.0"/>
  <testcase classname="testNG.Step2" name="WhatAppSignoutCarLoan" time="0.0"/>
  <testcase classname="testNG.Step2" name="AppLoginCarLoan" time="0.0">
    <ignored/>
  </testcase> <!-- AppLoginCarLoan -->
  <testcase classname="testNG.Step2" name="AppLogoutCarLoan" time="0.0">
    <ignored/>
  </testcase> <!-- AppLogoutCarLoan -->
  <testcase classname="testNG.Step2" name="AppSigninCarLoan" time="0.0">
    <ignored/>
  </testcase> <!-- AppSigninCarLoan -->
</testsuite> <!-- Test 1 + Car loan -->
